<?xml version="1.0" encoding="UTF-8"?>
<!-- Generated by org.testng.reporters.JUnitReportReporter -->
<testsuite hostname="YCSPC009" name="com.qa.tests.TjTest" tests="2" failures="0" timestamp="10 Oct 2020 06:44:40 GMT" time="9.033" errors="0">
  <testcase name="getUserTest" time="7.583" classname="com.qa.tests.TjTest"/>
  <testcase name="loginTest" time="1.450" classname="com.qa.tests.TjTest"/>
</testsuite> <!-- com.qa.tests.TjTest -->
