<?xml version="1.0" encoding="UTF-8"?>
<!-- Generated by org.testng.reporters.JUnitReportReporter -->
<testsuite hostname="YCSPC009" name="com.qa.tests.MlTest" tests="1" failures="0" timestamp="8 Dec 2020 12:05:43 GMT" time="9.208" errors="0">
  <testcase name="loginTest" time="9.208" classname="com.qa.tests.MlTest"/>
</testsuite> <!-- com.qa.tests.MlTest -->
