<?xml version="1.0" encoding="UTF-8"?>
<!-- Generated by org.testng.reporters.JUnitReportReporter -->
<testsuite hostname="YCSPC009" name="com.qa.tests.CountryTset" tests="1" failures="0" timestamp="8 Dec 2020 12:07:37 GMT" time="18.204" errors="0">
  <testcase name="loginTest" time="18.204" classname="com.qa.tests.CountryTset"/>
</testsuite> <!-- com.qa.tests.CountryTset -->
