<?xml version="1.0" encoding="UTF-8"?>
<!-- Generated by org.testng.reporters.JUnitReportReporter -->
<testsuite hostname="YCSPC009" name="com.qa.tests.MlTest" tests="1" failures="0" timestamp="9 Dec 2020 02:33:56 GMT" time="7.187" errors="0">
  <testcase name="loginTest" time="7.187" classname="com.qa.tests.MlTest"/>
</testsuite> <!-- com.qa.tests.MlTest -->
